
> lms-academy-frontend@0.1.0 build
> tsc && vite build

src/fitur/admin/hooks/useAdminCourses.ts(116,17): error TS6133: 'data' is declared but its value is never read.
src/fitur/admin/hooks/useAdminCourses.ts(146,17): error TS6133: 'data' is declared but its value is never read.
src/fitur/admin/komponen/DialogPenggunaAdmin.tsx(25,1): error TS6133: 'useAuthStore' is declared but its value is never read.
src/fitur/admin/komponen/GrafikLaporan.tsx(234,30): error TS18048: 'percent' is possibly 'undefined'.
src/fitur/dasbor/pages/SuperadminDashboard.tsx(14,38): error TS6133: 'overviewLoading' is declared but its value is never read.
src/fitur/instruktur/api/studentProgressApi.ts(7,3): error TS6196: 'ModuleProgress' is declared but never used.
src/fitur/instruktur/api/studentProgressApi.ts(9,3): error TS6196: 'ActivityLog' is declared but never used.
src/fitur/instruktur/api/studentProgressApi.ts(117,32): error TS2339: Property 'id' does not exist on type 'never'.
src/fitur/instruktur/api/studentProgressApi.ts(124,53): error TS2339: Property 'nilai' does not exist on type 'never'.
src/fitur/instruktur/api/studentProgressApi.ts(248,27): error TS2339: Property 'nama_lengkap' does not exist on type 'never'.
src/fitur/instruktur/api/studentProgressApi.ts(249,28): error TS2339: Property 'email' does not exist on type 'never'.
src/fitur/instruktur/api/studentProgressApi.ts(251,26): error TS2339: Property 'judul' does not exist on type 'never'.
src/fitur/instruktur/api/studentProgressApi.ts(252,33): error TS2339: Property 'tanggal_mulai' does not exist on type 'never'.
src/fitur/instruktur/api/studentProgressApi.ts(253,37): error TS2339: Property 'persentase_kemajuan' does not exist on type 'never'.
src/fitur/instruktur/api/studentProgressApi.ts(270,3): error TS6133: 'kursusId' is declared but its value is never read.
src/fitur/instruktur/api/studentProgressApi.ts(271,3): error TS6133: 'studentId' is declared but its value is never read.
src/fitur/instruktur/api/studentProgressApi.ts(348,51): error TS2339: Property 'id' does not exist on type 'never'.
src/fitur/instruktur/api/studentProgressApi.ts(382,25): error TS2339: Property 'id' does not exist on type 'never'.
src/fitur/instruktur/api/studentProgressApi.ts(383,28): error TS2339: Property 'title' does not exist on type 'never'.
src/fitur/instruktur/api/studentProgressApi.ts(418,26): error TS2339: Property 'judul' does not exist on type 'never'.
src/fitur/instruktur/hooks/useAssessments.ts(50,42): error TS2304: Cannot find name 'variables'.
src/fitur/instruktur/hooks/useAssessments.ts(53,38): error TS2304: Cannot find name 'variables'.
src/fitur/instruktur/hooks/useAssessments.ts(150,44): error TS2304: Cannot find name 'variables'.
src/fitur/instruktur/hooks/useAssessments.ts(204,41): error TS2304: Cannot find name 'variables'.
src/fitur/instruktur/hooks/useAssessments.ts(252,30): error TS2304: Cannot find name 'variables'.
src/fitur/instruktur/hooks/useContent.ts(33,32): error TS2304: Cannot find name 'variables'.
src/fitur/instruktur/hooks/useContent.ts(69,7): error TS6133: 'moduleId' is declared but its value is never read.
src/fitur/instruktur/hooks/useContent.ts(77,32): error TS2304: Cannot find name 'variables'.
src/fitur/instruktur/hooks/useInstructorCourses.ts(1,20): error TS6133: 'useMutation' is declared but its value is never read.
src/fitur/instruktur/hooks/useInstructorCourses.ts(1,33): error TS6133: 'useQueryClient' is declared but its value is never read.
src/fitur/instruktur/hooks/useInstructorCourses.ts(8,1): error TS6133: 'toast' is declared but its value is never read.
src/fitur/instruktur/hooks/useModules.ts(52,31): error TS2304: Cannot find name 'variables'.
src/fitur/instruktur/hooks/useModules.ts(55,48): error TS2304: Cannot find name 'variables'.
src/fitur/instruktur/hooks/useModules.ts(103,7): error TS6133: 'kursusId' is declared but its value is never read.
src/fitur/instruktur/hooks/useModules.ts(111,31): error TS2304: Cannot find name 'variables'.
src/fitur/instruktur/hooks/useModules.ts(114,48): error TS2304: Cannot find name 'variables'.
src/fitur/instruktur/hooks/useModules.ts(140,31): error TS2304: Cannot find name 'variables'.
src/fitur/instruktur/komponen/InstructorLayout.tsx(38,17): error TS2339: Property 'signOut' does not exist on type 'AuthState'.
src/fitur/instruktur/komponen/ModuleContentEditor.tsx(47,1): error TS6192: All imports in import declaration are unused.
src/fitur/instruktur/komponen/ModuleEditorDialog.tsx(116,35): error TS2304: Cannot find name 'e'.
src/fitur/instruktur/komponen/ModuleEditorDialog.tsx(117,34): error TS2304: Cannot find name 'e'.
src/fitur/instruktur/pages/AssessmentCenterPage.tsx(170,9): error TS6133: 'toggleSelect' is declared but its value is never read.
src/fitur/instruktur/pages/AssessmentCenterPage.tsx(189,9): error TS6133: 'confirmBulkActionHandler' is declared but its value is never read.
src/fitur/kursus/pages/CourseDetailPage.tsx(144,38): error TS2552: Cannot find name 'index'. Did you mean '_index'?
src/fitur/pembelajar/api/catalogApi.ts(60,44): error TS2339: Property 'id_lembaga' does not exist on type 'never'.
src/fitur/pembelajar/api/catalogApi.ts(166,45): error TS2339: Property 'id' does not exist on type 'never'.
src/fitur/pembelajar/api/catalogApi.ts(170,58): error TS2339: Property 'status' does not exist on type 'never'.
src/fitur/pembelajar/api/catalogApi.ts(170,85): error TS2339: Property 'id' does not exist on type 'never'.
src/fitur/pembelajar/api/catalogApi.ts(197,44): error TS2339: Property 'id_lembaga' does not exist on type 'never'.
src/fitur/pembelajar/api/catalogApi.ts(204,66): error TS2339: Property 'kategori' does not exist on type 'never'.
src/fitur/pembelajar/komponen/LearningSidebar.tsx(1,1): error TS6133: 'useState' is declared but its value is never read.
src/fitur/pembelajar/komponen/LearningSidebar.tsx(4,5): error TS6133: 'Circle' is declared but its value is never read.
src/fitur/pembelajar/komponen/LearningSidebar.tsx(7,5): error TS6133: 'ChevronDown' is declared but its value is never read.
src/fitur/pembelajar/komponen/LearningSidebar.tsx(18,23): error TS6196: 'Module' is declared but never used.
src/fitur/pembelajar/komponen/LearningSidebar.tsx(18,31): error TS6196: 'Material' is declared but never used.
src/fitur/pembelajar/komponen/LearningSidebar.tsx(76,48): error TS2552: Cannot find name 'index'. Did you mean '_index'?
src/fitur/pembelajar/komponen/QuestionRenderer.tsx(132,21): error TS2339: Property 'detail' does not exist on type 'JSX.IntrinsicElements'.
src/fitur/pembelajar/komponen/QuestionRenderer.tsx(137,21): error TS2339: Property 'detail' does not exist on type 'JSX.IntrinsicElements'.
src/fitur/pembelajar/pages/AssessmentResultPage.tsx(227,93): error TS2304: Cannot find name 'index'.
src/fitur/pembelajar/pages/AssessmentResultsPage.tsx(225,76): error TS2552: Cannot find name 'index'. Did you mean '_index'?
src/fitur/pembelajar/pages/AssessmentsListPage.tsx(30,1): error TS6133: 'supabase' is declared but its value is never read.
src/fitur/pembelajar/pages/AssessmentsListPage.tsx(37,27): error TS6196: 'AssignmentSubmission' is declared but never used.
src/fitur/pembelajar/pages/LearningRoomPage.tsx(23,1): error TS6133: 'LearningProgressHeader' is declared but its value is never read.
src/fitur/pembelajar/pages/LearningRoomPage.tsx(24,1): error TS6133: 'DynamicBreadcrumb' is declared but its value is never read.
src/fitur/pembelajar/pages/TakeAssessmentPage.tsx(8,5): error TS6133: 'CheckCircle2' is declared but its value is never read.
src/fitur/pembelajar/pages/TakeAssessmentPage.tsx(11,1): error TS6192: All imports in import declaration are unused.
src/fitur/pembelajar/pages/TakeAssessmentPage.tsx(12,1): error TS6133: 'Badge' is declared but its value is never read.
src/fitur/pembelajar/pages/TakeAssessmentPage.tsx(77,44): error TS2339: Property 'soal_id' does not exist on type 'never'.
src/fitur/pembelajar/pages/TakeAssessmentPage.tsx(77,59): error TS2339: Property 'jawaban_pengguna_multiple' does not exist on type 'never'.
src/fitur/pembelajar/pages/TakeAssessmentPage.tsx(77,92): error TS2339: Property 'jawaban_pengguna' does not exist on type 'never'.
src/fitur/pembelajar/pages/TakeAssessmentPage.tsx(83,64): error TS2339: Property 'waktu_mulai' does not exist on type 'never'.
src/fitur/superadmin/api/analyticsApi.ts(65,3): error TS6133: 'filters' is declared but its value is never read.
src/fitur/superadmin/api/analyticsApi.ts(81,34): error TS2339: Property 'id' does not exist on type 'never'.
src/fitur/superadmin/api/analyticsApi.ts(86,34): error TS2339: Property 'id' does not exist on type 'never'.
src/fitur/superadmin/api/analyticsApi.ts(91,41): error TS2339: Property 'id' does not exist on type 'never'.
src/fitur/superadmin/api/analyticsApi.ts(100,34): error TS2339: Property 'id' does not exist on type 'never'.
src/fitur/superadmin/api/analyticsApi.ts(104,28): error TS2339: Property 'id' does not exist on type 'never'.
src/fitur/superadmin/api/analyticsApi.ts(105,29): error TS2339: Property 'nama' does not exist on type 'never'.
src/fitur/superadmin/api/auditLogsApi.ts(3,3): error TS6196: 'AuditLog' is declared but never used.
src/fitur/superadmin/api/auditLogsApi.ts(93,6): error TS2769: No overload matches this call.
  Overload 1 of 2, '(values: never, options?: { count?: "exact" | "planned" | "estimated" | undefined; } | undefined): PostgrestFilterBuilder<{ PostgrestVersion: "12"; }, never, never, null, "log_audit", never, "POST">', gave the following error.
    Argument of type '{ id_pengguna: string | null; id_lembaga: string | null; aksi: string; tipe_sumber_daya: string; id_sumber_daya: string | null; detail: Record<string, any>; alamat_ip: string | null; agen_pengguna: string | null; }' is not assignable to parameter of type 'never'.
  Overload 2 of 2, '(values: never[], options?: { count?: "exact" | "planned" | "estimated" | undefined; defaultToNull?: boolean | undefined; } | undefined): PostgrestFilterBuilder<{ PostgrestVersion: "12"; }, never, never, null, "log_audit", never, "POST">', gave the following error.
    Object literal may only specify known properties, and 'id_pengguna' does not exist in type 'never[]'.
src/fitur/superadmin/api/auditLogsApi.ts(160,17): error TS2339: Property 'aksi' does not exist on type 'never'.
src/fitur/superadmin/api/auditLogsApi.ts(160,38): error TS2339: Property 'aksi' does not exist on type 'never'.
src/fitur/superadmin/api/tenantsApi.ts(136,6): error TS2769: No overload matches this call.
  Overload 1 of 2, '(values: never, options?: { count?: "exact" | "planned" | "estimated" | undefined; } | undefined): PostgrestFilterBuilder<{ PostgrestVersion: "12"; }, never, never, null, "lembaga", never, "POST">', gave the following error.
    Argument of type '{ nama: string; slug: string; tipe: string; status: "aktif" | "nonaktif" | "suspended"; logo_url: string | null; konfigurasi: Record<string, any>; }' is not assignable to parameter of type 'never'.
  Overload 2 of 2, '(values: never[], options?: { count?: "exact" | "planned" | "estimated" | undefined; defaultToNull?: boolean | undefined; } | undefined): PostgrestFilterBuilder<{ PostgrestVersion: "12"; }, never, never, null, "lembaga", never, "POST">', gave the following error.
    Object literal may only specify known properties, and 'nama' does not exist in type 'never[]'.
src/fitur/superadmin/api/tenantsApi.ts(157,13): error TS2345: Argument of type '{ nama: string | undefined; slug: string | undefined; tipe: string | undefined; status: "aktif" | "nonaktif" | "suspended" | undefined; logo_url: string | undefined; konfigurasi: Record<...> | undefined; diperbarui_pada: string; }' is not assignable to parameter of type 'never'.
src/fitur/superadmin/hooks/useGlobalUsers.ts(97,35): error TS2552: Cannot find name 'variables'. Did you mean '_variables'?
src/fitur/superadmin/hooks/useGlobalUsers.ts(109,22): error TS2552: Cannot find name 'variables'. Did you mean '_variables'?
src/fitur/superadmin/hooks/useGlobalUsers.ts(136,35): error TS2552: Cannot find name 'variables'. Did you mean '_variables'?
src/fitur/superadmin/hooks/useGlobalUsers.ts(148,25): error TS2552: Cannot find name 'variables'. Did you mean '_variables'?
src/fitur/superadmin/hooks/useTenants.ts(68,37): error TS2339: Property 'id' does not exist on type 'never'.
src/fitur/superadmin/hooks/useTenants.ts(69,44): error TS2339: Property 'nama' does not exist on type 'never'.
src/fitur/superadmin/hooks/useTenants.ts(89,75): error TS2339: Property 'id' does not exist on type 'never'.
src/fitur/superadmin/hooks/useTenants.ts(97,41): error TS2339: Property 'id' does not exist on type 'never'.
src/fitur/superadmin/hooks/useTenants.ts(98,48): error TS2339: Property 'nama' does not exist on type 'never'.
src/fitur/superadmin/komponen/ActivityLog.tsx(80,15): error TS2339: Property 'detail' does not exist on type 'JSX.IntrinsicElements'.
src/fitur/superadmin/komponen/ActivityLog.tsx(87,15): error TS2339: Property 'detail' does not exist on type 'JSX.IntrinsicElements'.
src/fitur/superadmin/komponen/TenantDialog.tsx(106,26): error TS2339: Property 'logo_url' does not exist on type 'TenantWithStats'.
src/fitur/superadmin/komponen/TenantDialog.tsx(271,28): error TS2345: Argument of type '"url_logo"' is not assignable to parameter of type '"status" | "nama" | "tipe" | "slug" | "logo_url" | "tipe_custom"'.
src/fitur/superadmin/komponen/TenantDialog.tsx(291,15): error TS2322: Type 'boolean | ""' is not assignable to type 'boolean | undefined'.
  Type '""' is not assignable to type 'boolean | undefined'.
src/fitur/superadmin/komponen/TenantTable.tsx(1,1): error TS6133: 'useState' is declared but its value is never read.
src/fitur/superadmin/pages/AnalyticsPage.tsx(157,24): error TS2552: Cannot find name 'index'. Did you mean '_index'?
src/fitur/superadmin/pages/AnalyticsPage.tsx(187,24): error TS2552: Cannot find name 'index'. Did you mean '_index'?
src/fitur/superadmin/pages/AuditLogsPage.tsx(13,10): error TS6133: 'Search' is declared but its value is never read.
src/fitur/superadmin/pages/TenantDetailPage.tsx(73,23): error TS2339: Property 'nama' does not exist on type 'never'.
src/fitur/superadmin/pages/TenantDetailPage.tsx(94,23): error TS2339: Property 'slug' does not exist on type 'never'.
src/fitur/superadmin/pages/TenantDetailPage.tsx(102,23): error TS2339: Property 'tipe' does not exist on type 'never'.
src/fitur/superadmin/pages/TenantDetailPage.tsx(109,31): error TS7053: Element implicitly has an 'any' type because expression of type 'any' can't be used to index type '{ aktif: string; nonaktif: string; suspended: string; }'.
src/fitur/superadmin/pages/TenantDetailPage.tsx(109,51): error TS2339: Property 'status' does not exist on type 'never'.
src/fitur/superadmin/pages/TenantDetailPage.tsx(110,23): error TS2339: Property 'status' does not exist on type 'never'.
src/fitur/superadmin/pages/TenantDetailPage.tsx(118,37): error TS2339: Property 'dibuat_pada' does not exist on type 'never'.
src/fitur/superadmin/pages/TenantDetailPage.tsx(121,19): error TS2339: Property 'logo_url' does not exist on type 'never'.
src/fitur/superadmin/pages/TenantDetailPage.tsx(127,29): error TS2339: Property 'logo_url' does not exist on type 'never'.
src/fitur/superadmin/pages/TenantDetailPage.tsx(128,37): error TS2339: Property 'nama' does not exist on type 'never'.
src/fitur/superadmin/pages/TenantDetailPage.tsx(167,15): error TS2339: Property 'konfigurasi' does not exist on type 'never'.
src/fitur/superadmin/pages/TenantDetailPage.tsx(167,49): error TS2339: Property 'konfigurasi' does not exist on type 'never'.
src/fitur/superadmin/pages/TenantDetailPage.tsx(173,36): error TS2339: Property 'konfigurasi' does not exist on type 'never'.
src/komponen/DynamicBreadcrumb.tsx(54,17): error TS2552: Cannot find name 'index'. Did you mean '_index'?
src/komponen/ui/alert-dialog.tsx(100,48): error TS2339: Property 'aksi' does not exist on type 'typeof import("D:/kerjabaik.ai/ACADEMY/frontend/node_modules/@radix-ui/react-alert-dialog/dist/index")'.
src/komponen/ui/alert-dialog.tsx(101,62): error TS2339: Property 'aksi' does not exist on type 'typeof import("D:/kerjabaik.ai/ACADEMY/frontend/node_modules/@radix-ui/react-alert-dialog/dist/index")'.
src/komponen/ui/alert-dialog.tsx(103,25): error TS2339: Property 'aksi' does not exist on type 'typeof import("D:/kerjabaik.ai/ACADEMY/frontend/node_modules/@radix-ui/react-alert-dialog/dist/index")'.
src/komponen/ui/alert-dialog.tsx(109,54): error TS2339: Property 'aksi' does not exist on type 'typeof import("D:/kerjabaik.ai/ACADEMY/frontend/node_modules/@radix-ui/react-alert-dialog/dist/index")'.
src/komponen/ui/toast.tsx(57,43): error TS2339: Property 'aksi' does not exist on type 'typeof import("D:/kerjabaik.ai/ACADEMY/frontend/node_modules/@radix-ui/react-toast/dist/index")'.
src/komponen/ui/toast.tsx(58,57): error TS2339: Property 'aksi' does not exist on type 'typeof import("D:/kerjabaik.ai/ACADEMY/frontend/node_modules/@radix-ui/react-toast/dist/index")'.
src/komponen/ui/toast.tsx(60,20): error TS2339: Property 'aksi' does not exist on type 'typeof import("D:/kerjabaik.ai/ACADEMY/frontend/node_modules/@radix-ui/react-toast/dist/index")'.
src/komponen/ui/toast.tsx(69,43): error TS2339: Property 'aksi' does not exist on type 'typeof import("D:/kerjabaik.ai/ACADEMY/frontend/node_modules/@radix-ui/react-toast/dist/index")'.
